  Controladora.cpp
C:\Users\Hilary\Desktop\Todo\UNA\Semestre\I Ciclo 2020\Programación II\Tarea 2\Tarea 2\Tarea 2\Lote.h(13,11): error C2143: error de sintaxis: falta ';' delante de '*'
C:\Users\Hilary\Desktop\Todo\UNA\Semestre\I Ciclo 2020\Programación II\Tarea 2\Tarea 2\Tarea 2\Lote.h(13,11): error C4430: falta el especificador de tipo; se presupone int. Nota: C++ no admite default-int
C:\Users\Hilary\Desktop\Todo\UNA\Semestre\I Ciclo 2020\Programación II\Tarea 2\Tarea 2\Tarea 2\Lote.h(13,20): error C2238: símbolos (token) inesperados delante de ';'
C:\Users\Hilary\Desktop\Todo\UNA\Semestre\I Ciclo 2020\Programación II\Tarea 2\Tarea 2\Tarea 2\Lote.h(23,47): error C2061: error de sintaxis: identificador 'Producto'
C:\Users\Hilary\Desktop\Todo\UNA\Semestre\I Ciclo 2020\Programación II\Tarea 2\Tarea 2\Tarea 2\Lote.h(25,10): error C2143: error de sintaxis: falta ';' delante de '*'
C:\Users\Hilary\Desktop\Todo\UNA\Semestre\I Ciclo 2020\Programación II\Tarea 2\Tarea 2\Tarea 2\Lote.h(25,10): error C4430: falta el especificador de tipo; se presupone int. Nota: C++ no admite default-int
C:\Users\Hilary\Desktop\Todo\UNA\Semestre\I Ciclo 2020\Programación II\Tarea 2\Tarea 2\Tarea 2\Lote.h(25,25): error C2238: símbolos (token) inesperados delante de ';'
  Interfaz.cpp
C:\Users\Hilary\Desktop\Todo\UNA\Semestre\I Ciclo 2020\Programación II\Tarea 2\Tarea 2\Tarea 2\Lote.h(13,11): error C2143: error de sintaxis: falta ';' delante de '*'
C:\Users\Hilary\Desktop\Todo\UNA\Semestre\I Ciclo 2020\Programación II\Tarea 2\Tarea 2\Tarea 2\Lote.h(13,11): error C4430: falta el especificador de tipo; se presupone int. Nota: C++ no admite default-int
C:\Users\Hilary\Desktop\Todo\UNA\Semestre\I Ciclo 2020\Programación II\Tarea 2\Tarea 2\Tarea 2\Lote.h(13,20): error C2238: símbolos (token) inesperados delante de ';'
C:\Users\Hilary\Desktop\Todo\UNA\Semestre\I Ciclo 2020\Programación II\Tarea 2\Tarea 2\Tarea 2\Lote.h(23,47): error C2061: error de sintaxis: identificador 'Producto'
C:\Users\Hilary\Desktop\Todo\UNA\Semestre\I Ciclo 2020\Programación II\Tarea 2\Tarea 2\Tarea 2\Lote.h(25,10): error C2143: error de sintaxis: falta ';' delante de '*'
C:\Users\Hilary\Desktop\Todo\UNA\Semestre\I Ciclo 2020\Programación II\Tarea 2\Tarea 2\Tarea 2\Lote.h(25,10): error C4430: falta el especificador de tipo; se presupone int. Nota: C++ no admite default-int
C:\Users\Hilary\Desktop\Todo\UNA\Semestre\I Ciclo 2020\Programación II\Tarea 2\Tarea 2\Tarea 2\Lote.h(25,25): error C2238: símbolos (token) inesperados delante de ';'
C:\Users\Hilary\Desktop\Todo\UNA\Semestre\I Ciclo 2020\Programación II\Tarea 2\Tarea 2\Tarea 2\Interfaz.cpp(21,29): warning C4267: 'inicializando': conversión de 'size_t' a 'int'; posible pérdida de datos
C:\Users\Hilary\Desktop\Todo\UNA\Semestre\I Ciclo 2020\Programación II\Tarea 2\Tarea 2\Tarea 2\Interfaz.cpp(36,29): warning C4267: 'inicializando': conversión de 'size_t' a 'int'; posible pérdida de datos
  Lote.cpp
  Main.cpp
C:\Users\Hilary\Desktop\Todo\UNA\Semestre\I Ciclo 2020\Programación II\Tarea 2\Tarea 2\Tarea 2\Lote.h(13,11): error C2143: error de sintaxis: falta ';' delante de '*'
C:\Users\Hilary\Desktop\Todo\UNA\Semestre\I Ciclo 2020\Programación II\Tarea 2\Tarea 2\Tarea 2\Lote.h(13,11): error C4430: falta el especificador de tipo; se presupone int. Nota: C++ no admite default-int
C:\Users\Hilary\Desktop\Todo\UNA\Semestre\I Ciclo 2020\Programación II\Tarea 2\Tarea 2\Tarea 2\Lote.h(13,20): error C2238: símbolos (token) inesperados delante de ';'
C:\Users\Hilary\Desktop\Todo\UNA\Semestre\I Ciclo 2020\Programación II\Tarea 2\Tarea 2\Tarea 2\Lote.h(23,47): error C2061: error de sintaxis: identificador 'Producto'
C:\Users\Hilary\Desktop\Todo\UNA\Semestre\I Ciclo 2020\Programación II\Tarea 2\Tarea 2\Tarea 2\Lote.h(25,10): error C2143: error de sintaxis: falta ';' delante de '*'
C:\Users\Hilary\Desktop\Todo\UNA\Semestre\I Ciclo 2020\Programación II\Tarea 2\Tarea 2\Tarea 2\Lote.h(25,10): error C4430: falta el especificador de tipo; se presupone int. Nota: C++ no admite default-int
C:\Users\Hilary\Desktop\Todo\UNA\Semestre\I Ciclo 2020\Programación II\Tarea 2\Tarea 2\Tarea 2\Lote.h(25,25): error C2238: símbolos (token) inesperados delante de ';'
  Producto.cpp
C:\Users\Hilary\Desktop\Todo\UNA\Semestre\I Ciclo 2020\Programación II\Tarea 2\Tarea 2\Tarea 2\Lote.h(13,11): error C2143: error de sintaxis: falta ';' delante de '*'
C:\Users\Hilary\Desktop\Todo\UNA\Semestre\I Ciclo 2020\Programación II\Tarea 2\Tarea 2\Tarea 2\Lote.h(13,11): error C4430: falta el especificador de tipo; se presupone int. Nota: C++ no admite default-int
C:\Users\Hilary\Desktop\Todo\UNA\Semestre\I Ciclo 2020\Programación II\Tarea 2\Tarea 2\Tarea 2\Lote.h(13,20): error C2238: símbolos (token) inesperados delante de ';'
C:\Users\Hilary\Desktop\Todo\UNA\Semestre\I Ciclo 2020\Programación II\Tarea 2\Tarea 2\Tarea 2\Lote.h(23,47): error C2061: error de sintaxis: identificador 'Producto'
C:\Users\Hilary\Desktop\Todo\UNA\Semestre\I Ciclo 2020\Programación II\Tarea 2\Tarea 2\Tarea 2\Lote.h(25,10): error C2143: error de sintaxis: falta ';' delante de '*'
C:\Users\Hilary\Desktop\Todo\UNA\Semestre\I Ciclo 2020\Programación II\Tarea 2\Tarea 2\Tarea 2\Lote.h(25,10): error C4430: falta el especificador de tipo; se presupone int. Nota: C++ no admite default-int
C:\Users\Hilary\Desktop\Todo\UNA\Semestre\I Ciclo 2020\Programación II\Tarea 2\Tarea 2\Tarea 2\Lote.h(25,25): error C2238: símbolos (token) inesperados delante de ';'
  Generando código...
